mode: set
github.com/betracehq/betrace/backend/internal/services/rule_store.go:19.32,23.2 1 1
github.com/betracehq/betrace/backend/internal/services/rule_store.go:26.88,31.19 3 1
github.com/betracehq/betrace/backend/internal/services/rule_store.go:31.19,33.3 1 1
github.com/betracehq/betrace/backend/internal/services/rule_store.go:36.2,36.43 1 1
github.com/betracehq/betrace/backend/internal/services/rule_store.go:36.43,38.3 1 1
github.com/betracehq/betrace/backend/internal/services/rule_store.go:40.2,41.18 2 1
github.com/betracehq/betrace/backend/internal/services/rule_store.go:45.78,50.13 4 1
github.com/betracehq/betrace/backend/internal/services/rule_store.go:50.13,52.3 1 1
github.com/betracehq/betrace/backend/internal/services/rule_store.go:54.2,54.18 1 1
github.com/betracehq/betrace/backend/internal/services/rule_store.go:58.70,63.31 4 1
github.com/betracehq/betrace/backend/internal/services/rule_store.go:63.31,65.3 1 1
github.com/betracehq/betrace/backend/internal/services/rule_store.go:67.2,67.19 1 1
github.com/betracehq/betrace/backend/internal/services/rule_store.go:71.99,75.39 3 1
github.com/betracehq/betrace/backend/internal/services/rule_store.go:75.39,77.3 1 1
github.com/betracehq/betrace/backend/internal/services/rule_store.go:80.2,82.18 3 1
github.com/betracehq/betrace/backend/internal/services/rule_store.go:86.66,90.39 3 1
github.com/betracehq/betrace/backend/internal/services/rule_store.go:90.39,92.3 1 1
github.com/betracehq/betrace/backend/internal/services/rule_store.go:94.2,95.12 2 1
github.com/betracehq/betrace/backend/internal/services/violation_store_memory.go:24.73,30.2 1 1
github.com/betracehq/betrace/backend/internal/services/violation_store_memory.go:33.142,35.24 1 1
github.com/betracehq/betrace/backend/internal/services/violation_store_memory.go:35.24,37.3 1 1
github.com/betracehq/betrace/backend/internal/services/violation_store_memory.go:40.2,40.34 1 1
github.com/betracehq/betrace/backend/internal/services/violation_store_memory.go:40.34,42.3 1 1
github.com/betracehq/betrace/backend/internal/services/violation_store_memory.go:45.2,45.22 1 1
github.com/betracehq/betrace/backend/internal/services/violation_store_memory.go:45.22,47.3 1 1
github.com/betracehq/betrace/backend/internal/services/violation_store_memory.go:50.2,52.32 3 1
github.com/betracehq/betrace/backend/internal/services/violation_store_memory.go:52.32,54.3 1 1
github.com/betracehq/betrace/backend/internal/services/violation_store_memory.go:55.2,58.23 3 1
github.com/betracehq/betrace/backend/internal/services/violation_store_memory.go:62.109,64.2 1 1
github.com/betracehq/betrace/backend/internal/services/violation_store_memory.go:67.99,69.16 2 1
github.com/betracehq/betrace/backend/internal/services/violation_store_memory.go:69.16,71.3 1 1
github.com/betracehq/betrace/backend/internal/services/violation_store_memory.go:74.2,74.48 1 1
github.com/betracehq/betrace/backend/internal/services/violation_store_memory.go:74.48,76.3 1 0
github.com/betracehq/betrace/backend/internal/services/violation_store_memory.go:78.2,78.15 1 1
github.com/betracehq/betrace/backend/internal/services/violation_store_memory.go:82.73,88.2 5 1
github.com/betracehq/betrace/backend/internal/services/violation_store_memory.go:91.73,94.2 2 1
github.com/betracehq/betrace/backend/internal/api/rules.go:20.84,25.2 1 1
github.com/betracehq/betrace/backend/internal/api/rules.go:28.73,32.21 2 1
github.com/betracehq/betrace/backend/internal/api/rules.go:32.21,36.3 3 1
github.com/betracehq/betrace/backend/internal/api/rules.go:39.2,40.16 2 1
github.com/betracehq/betrace/backend/internal/api/rules.go:40.16,43.3 2 0
github.com/betracehq/betrace/backend/internal/api/rules.go:46.2,46.21 1 1
github.com/betracehq/betrace/backend/internal/api/rules.go:46.21,49.3 2 1
github.com/betracehq/betrace/backend/internal/api/rules.go:51.2,51.38 1 1
github.com/betracehq/betrace/backend/internal/api/rules.go:55.76,59.21 2 1
github.com/betracehq/betrace/backend/internal/api/rules.go:59.21,63.3 3 1
github.com/betracehq/betrace/backend/internal/api/rules.go:66.2,67.14 2 1
github.com/betracehq/betrace/backend/internal/api/rules.go:67.14,70.3 2 1
github.com/betracehq/betrace/backend/internal/api/rules.go:73.2,74.16 2 1
github.com/betracehq/betrace/backend/internal/api/rules.go:74.16,77.3 2 1
github.com/betracehq/betrace/backend/internal/api/rules.go:80.2,80.21 1 1
github.com/betracehq/betrace/backend/internal/api/rules.go:80.21,86.3 2 1
github.com/betracehq/betrace/backend/internal/api/rules.go:88.2,88.37 1 1
github.com/betracehq/betrace/backend/internal/api/rules.go:92.75,96.21 2 1
github.com/betracehq/betrace/backend/internal/api/rules.go:96.21,100.3 3 1
github.com/betracehq/betrace/backend/internal/api/rules.go:103.2,104.62 2 1
github.com/betracehq/betrace/backend/internal/api/rules.go:104.62,107.3 2 1
github.com/betracehq/betrace/backend/internal/api/rules.go:110.2,110.46 1 1
github.com/betracehq/betrace/backend/internal/api/rules.go:110.46,113.3 2 1
github.com/betracehq/betrace/backend/internal/api/rules.go:116.2,117.16 2 1
github.com/betracehq/betrace/backend/internal/api/rules.go:117.16,120.3 2 0
github.com/betracehq/betrace/backend/internal/api/rules.go:123.2,123.21 1 1
github.com/betracehq/betrace/backend/internal/api/rules.go:123.21,129.3 2 1
github.com/betracehq/betrace/backend/internal/api/rules.go:131.2,131.45 1 1
github.com/betracehq/betrace/backend/internal/api/rules.go:135.75,139.21 2 1
github.com/betracehq/betrace/backend/internal/api/rules.go:139.21,143.3 3 1
github.com/betracehq/betrace/backend/internal/api/rules.go:146.2,147.14 2 1
github.com/betracehq/betrace/backend/internal/api/rules.go:147.14,150.3 2 0
github.com/betracehq/betrace/backend/internal/api/rules.go:153.2,154.62 2 1
github.com/betracehq/betrace/backend/internal/api/rules.go:154.62,157.3 2 0
github.com/betracehq/betrace/backend/internal/api/rules.go:160.2,161.16 2 1
github.com/betracehq/betrace/backend/internal/api/rules.go:161.16,164.3 2 1
github.com/betracehq/betrace/backend/internal/api/rules.go:167.2,167.21 1 1
github.com/betracehq/betrace/backend/internal/api/rules.go:167.21,173.3 2 1
github.com/betracehq/betrace/backend/internal/api/rules.go:175.2,175.40 1 1
github.com/betracehq/betrace/backend/internal/api/rules.go:179.75,183.21 2 1
github.com/betracehq/betrace/backend/internal/api/rules.go:183.21,187.3 3 1
github.com/betracehq/betrace/backend/internal/api/rules.go:190.2,191.14 2 1
github.com/betracehq/betrace/backend/internal/api/rules.go:191.14,194.3 2 0
github.com/betracehq/betrace/backend/internal/api/rules.go:197.2,197.48 1 1
github.com/betracehq/betrace/backend/internal/api/rules.go:197.48,200.3 2 1
github.com/betracehq/betrace/backend/internal/api/rules.go:203.2,203.21 1 1
github.com/betracehq/betrace/backend/internal/api/rules.go:203.21,206.3 2 1
github.com/betracehq/betrace/backend/internal/api/rules.go:208.2,211.4 1 1
github.com/betracehq/betrace/backend/internal/api/spans.go:17.57,21.2 1 1
github.com/betracehq/betrace/backend/internal/api/spans.go:24.75,28.21 2 1
github.com/betracehq/betrace/backend/internal/api/spans.go:28.21,32.3 3 1
github.com/betracehq/betrace/backend/internal/api/spans.go:35.2,36.62 2 1
github.com/betracehq/betrace/backend/internal/api/spans.go:36.62,39.3 2 1
github.com/betracehq/betrace/backend/internal/api/spans.go:42.2,42.73 1 1
github.com/betracehq/betrace/backend/internal/api/spans.go:42.73,45.3 2 1
github.com/betracehq/betrace/backend/internal/api/spans.go:50.2,54.4 1 1
github.com/betracehq/betrace/backend/internal/api/spans.go:58.81,62.21 2 1
github.com/betracehq/betrace/backend/internal/api/spans.go:62.21,66.3 3 1
github.com/betracehq/betrace/backend/internal/api/spans.go:69.2,70.63 2 1
github.com/betracehq/betrace/backend/internal/api/spans.go:70.63,73.3 2 0
github.com/betracehq/betrace/backend/internal/api/spans.go:76.2,78.29 3 1
github.com/betracehq/betrace/backend/internal/api/spans.go:78.29,80.74 1 1
github.com/betracehq/betrace/backend/internal/api/spans.go:80.74,82.12 2 1
github.com/betracehq/betrace/backend/internal/api/spans.go:86.3,86.13 1 1
github.com/betracehq/betrace/backend/internal/api/spans.go:89.2,94.4 1 1
github.com/betracehq/betrace/backend/internal/api/violations.go:21.105,26.2 1 1
github.com/betracehq/betrace/backend/internal/api/violations.go:29.83,33.21 2 1
github.com/betracehq/betrace/backend/internal/api/violations.go:33.21,37.3 3 1
github.com/betracehq/betrace/backend/internal/api/violations.go:40.2,47.60 2 1
github.com/betracehq/betrace/backend/internal/api/violations.go:47.60,48.67 1 1
github.com/betracehq/betrace/backend/internal/api/violations.go:48.67,50.4 1 0
github.com/betracehq/betrace/backend/internal/api/violations.go:54.2,55.16 2 1
github.com/betracehq/betrace/backend/internal/api/violations.go:55.16,58.3 2 0
github.com/betracehq/betrace/backend/internal/api/violations.go:61.2,61.21 1 1
github.com/betracehq/betrace/backend/internal/api/violations.go:61.21,68.3 2 1
github.com/betracehq/betrace/backend/internal/api/violations.go:70.2,73.4 1 1
github.com/betracehq/betrace/backend/internal/api/violations.go:77.86,81.21 2 1
github.com/betracehq/betrace/backend/internal/api/violations.go:81.21,85.3 3 1
github.com/betracehq/betrace/backend/internal/api/violations.go:88.2,89.14 2 1
github.com/betracehq/betrace/backend/internal/api/violations.go:89.14,92.3 2 1
github.com/betracehq/betrace/backend/internal/api/violations.go:95.2,96.16 2 1
github.com/betracehq/betrace/backend/internal/api/violations.go:96.16,99.3 2 1
github.com/betracehq/betrace/backend/internal/api/violations.go:102.2,102.21 1 1
github.com/betracehq/betrace/backend/internal/api/violations.go:102.21,109.3 2 1
github.com/betracehq/betrace/backend/internal/api/violations.go:111.2,111.42 1 1
github.com/betracehq/betrace/backend/internal/api/violations.go:115.85,119.21 2 1
github.com/betracehq/betrace/backend/internal/api/violations.go:119.21,123.3 3 1
github.com/betracehq/betrace/backend/internal/api/violations.go:126.2,134.61 2 1
github.com/betracehq/betrace/backend/internal/api/violations.go:134.61,137.3 2 1
github.com/betracehq/betrace/backend/internal/api/violations.go:140.2,140.44 1 1
github.com/betracehq/betrace/backend/internal/api/violations.go:140.44,143.3 2 1
github.com/betracehq/betrace/backend/internal/api/violations.go:146.2,155.16 3 1
github.com/betracehq/betrace/backend/internal/api/violations.go:155.16,158.3 2 0
github.com/betracehq/betrace/backend/internal/api/violations.go:161.2,161.21 1 1
github.com/betracehq/betrace/backend/internal/api/violations.go:161.21,167.3 2 1
github.com/betracehq/betrace/backend/internal/api/violations.go:169.2,172.4 1 1
github.com/betracehq/betrace/backend/internal/api/violations.go:177.72,181.2 3 1
github.com/betracehq/betrace/backend/internal/api/violations.go:183.68,187.2 1 1
github.com/betracehq/betrace/backend/internal/storage/memory.go:19.36,23.2 1 1
github.com/betracehq/betrace/backend/internal/storage/memory.go:26.85,32.2 4 1
github.com/betracehq/betrace/backend/internal/storage/memory.go:35.95,40.9 4 1
github.com/betracehq/betrace/backend/internal/storage/memory.go:40.9,42.3 1 1
github.com/betracehq/betrace/backend/internal/storage/memory.go:44.2,44.16 1 1
github.com/betracehq/betrace/backend/internal/storage/memory.go:48.124,53.33 4 1
github.com/betracehq/betrace/backend/internal/storage/memory.go:53.33,55.41 1 1
github.com/betracehq/betrace/backend/internal/storage/memory.go:55.41,56.12 1 1
github.com/betracehq/betrace/backend/internal/storage/memory.go:58.3,58.47 1 1
github.com/betracehq/betrace/backend/internal/storage/memory.go:58.47,59.12 1 1
github.com/betracehq/betrace/backend/internal/storage/memory.go:62.3,64.40 2 1
github.com/betracehq/betrace/backend/internal/storage/memory.go:64.40,65.9 1 1
github.com/betracehq/betrace/backend/internal/storage/memory.go:69.2,69.20 1 1
github.com/betracehq/betrace/backend/internal/storage/memory.go:73.62,75.2 1 1
github.com/betracehq/betrace/backend/internal/storage/memory.go:78.37,80.2 1 1
github.com/betracehq/betrace/backend/internal/rules/lexer.go:67.36,75.2 1 1
github.com/betracehq/betrace/backend/internal/rules/lexer.go:79.41,80.12 1 1
github.com/betracehq/betrace/backend/internal/rules/lexer.go:81.11,82.14 1 1
github.com/betracehq/betrace/backend/internal/rules/lexer.go:83.11,84.14 1 1
github.com/betracehq/betrace/backend/internal/rules/lexer.go:85.11,86.14 1 1
github.com/betracehq/betrace/backend/internal/rules/lexer.go:87.11,88.14 1 1
github.com/betracehq/betrace/backend/internal/rules/lexer.go:89.11,90.14 1 1
github.com/betracehq/betrace/backend/internal/rules/lexer.go:91.11,92.14 1 1
github.com/betracehq/betrace/backend/internal/rules/lexer.go:93.11,94.14 1 1
github.com/betracehq/betrace/backend/internal/rules/lexer.go:95.11,96.14 1 1
github.com/betracehq/betrace/backend/internal/rules/lexer.go:97.11,98.14 1 1
github.com/betracehq/betrace/backend/internal/rules/lexer.go:99.11,100.14 1 1
github.com/betracehq/betrace/backend/internal/rules/lexer.go:101.11,102.14 1 1
github.com/betracehq/betrace/backend/internal/rules/lexer.go:103.10,104.15 1 1
github.com/betracehq/betrace/backend/internal/rules/lexer.go:109.45,110.27 1 1
github.com/betracehq/betrace/backend/internal/rules/lexer.go:110.27,114.26 2 1
github.com/betracehq/betrace/backend/internal/rules/lexer.go:114.26,115.18 1 1
github.com/betracehq/betrace/backend/internal/rules/lexer.go:115.18,118.5 2 1
github.com/betracehq/betrace/backend/internal/rules/lexer.go:118.10,120.5 1 1
github.com/betracehq/betrace/backend/internal/rules/lexer.go:121.4,122.12 2 1
github.com/betracehq/betrace/backend/internal/rules/lexer.go:126.3,126.13 1 1
github.com/betracehq/betrace/backend/internal/rules/lexer.go:127.12,130.12 3 1
github.com/betracehq/betrace/backend/internal/rules/lexer.go:131.12,134.12 3 1
github.com/betracehq/betrace/backend/internal/rules/lexer.go:135.12,138.12 3 1
github.com/betracehq/betrace/backend/internal/rules/lexer.go:139.12,142.12 3 1
github.com/betracehq/betrace/backend/internal/rules/lexer.go:143.12,146.12 3 1
github.com/betracehq/betrace/backend/internal/rules/lexer.go:147.12,150.12 3 1
github.com/betracehq/betrace/backend/internal/rules/lexer.go:154.3,154.29 1 1
github.com/betracehq/betrace/backend/internal/rules/lexer.go:154.29,156.19 2 1
github.com/betracehq/betrace/backend/internal/rules/lexer.go:157.14,161.13 4 1
github.com/betracehq/betrace/backend/internal/rules/lexer.go:162.14,166.13 4 1
github.com/betracehq/betrace/backend/internal/rules/lexer.go:167.14,171.13 4 1
github.com/betracehq/betrace/backend/internal/rules/lexer.go:172.14,176.13 4 1
github.com/betracehq/betrace/backend/internal/rules/lexer.go:181.3,181.13 1 1
github.com/betracehq/betrace/backend/internal/rules/lexer.go:182.12,185.12 3 1
github.com/betracehq/betrace/backend/internal/rules/lexer.go:186.12,189.12 3 1
github.com/betracehq/betrace/backend/internal/rules/lexer.go:193.3,193.16 1 1
github.com/betracehq/betrace/backend/internal/rules/lexer.go:193.16,194.41 1 1
github.com/betracehq/betrace/backend/internal/rules/lexer.go:194.41,196.5 1 1
github.com/betracehq/betrace/backend/internal/rules/lexer.go:197.4,197.12 1 1
github.com/betracehq/betrace/backend/internal/rules/lexer.go:201.3,201.26 1 1
github.com/betracehq/betrace/backend/internal/rules/lexer.go:201.26,202.41 1 1
github.com/betracehq/betrace/backend/internal/rules/lexer.go:202.41,204.5 1 0
github.com/betracehq/betrace/backend/internal/rules/lexer.go:205.4,205.12 1 1
github.com/betracehq/betrace/backend/internal/rules/lexer.go:217.3,217.80 1 1
github.com/betracehq/betrace/backend/internal/rules/lexer.go:217.80,218.45 1 1
github.com/betracehq/betrace/backend/internal/rules/lexer.go:218.45,220.5 1 0
github.com/betracehq/betrace/backend/internal/rules/lexer.go:221.4,221.12 1 1
github.com/betracehq/betrace/backend/internal/rules/lexer.go:225.3,225.98 1 1
github.com/betracehq/betrace/backend/internal/rules/lexer.go:229.2,230.22 2 1
github.com/betracehq/betrace/backend/internal/rules/lexer.go:234.32,235.27 1 1
github.com/betracehq/betrace/backend/internal/rules/lexer.go:235.27,237.3 1 1
github.com/betracehq/betrace/backend/internal/rules/lexer.go:238.2,238.29 1 1
github.com/betracehq/betrace/backend/internal/rules/lexer.go:242.29,243.29 1 1
github.com/betracehq/betrace/backend/internal/rules/lexer.go:243.29,245.3 1 1
github.com/betracehq/betrace/backend/internal/rules/lexer.go:246.2,246.31 1 1
github.com/betracehq/betrace/backend/internal/rules/lexer.go:250.27,251.26 1 1
github.com/betracehq/betrace/backend/internal/rules/lexer.go:251.26,254.3 2 1
github.com/betracehq/betrace/backend/internal/rules/lexer.go:258.62,265.2 1 1
github.com/betracehq/betrace/backend/internal/rules/lexer.go:268.36,275.27 4 1
github.com/betracehq/betrace/backend/internal/rules/lexer.go:275.27,278.16 2 1
github.com/betracehq/betrace/backend/internal/rules/lexer.go:278.16,283.4 3 1
github.com/betracehq/betrace/backend/internal/rules/lexer.go:285.3,285.36 1 1
github.com/betracehq/betrace/backend/internal/rules/lexer.go:285.36,290.12 4 1
github.com/betracehq/betrace/backend/internal/rules/lexer.go:293.3,293.17 1 1
github.com/betracehq/betrace/backend/internal/rules/lexer.go:293.17,295.4 1 0
github.com/betracehq/betrace/backend/internal/rules/lexer.go:297.3,298.14 2 1
github.com/betracehq/betrace/backend/internal/rules/lexer.go:301.2,301.105 1 1
github.com/betracehq/betrace/backend/internal/rules/lexer.go:305.36,310.35 3 1
github.com/betracehq/betrace/backend/internal/rules/lexer.go:310.35,312.3 1 1
github.com/betracehq/betrace/backend/internal/rules/lexer.go:315.2,315.53 1 1
github.com/betracehq/betrace/backend/internal/rules/lexer.go:315.53,318.36 2 1
github.com/betracehq/betrace/backend/internal/rules/lexer.go:318.36,320.4 1 1
github.com/betracehq/betrace/backend/internal/rules/lexer.go:323.2,331.12 3 1
github.com/betracehq/betrace/backend/internal/rules/lexer.go:335.40,346.27 4 1
github.com/betracehq/betrace/backend/internal/rules/lexer.go:346.27,348.103 2 1
github.com/betracehq/betrace/backend/internal/rules/lexer.go:348.103,350.4 1 1
github.com/betracehq/betrace/backend/internal/rules/lexer.go:350.9,350.23 1 1
github.com/betracehq/betrace/backend/internal/rules/lexer.go:350.23,354.129 2 1
github.com/betracehq/betrace/backend/internal/rules/lexer.go:354.129,356.5 1 1
github.com/betracehq/betrace/backend/internal/rules/lexer.go:356.10,357.10 1 0
github.com/betracehq/betrace/backend/internal/rules/lexer.go:359.9,360.9 1 1
github.com/betracehq/betrace/backend/internal/rules/lexer.go:364.2,367.57 2 1
github.com/betracehq/betrace/backend/internal/rules/lexer.go:367.57,374.3 1 1
github.com/betracehq/betrace/backend/internal/rules/lexer.go:374.8,381.3 1 1
github.com/betracehq/betrace/backend/internal/rules/lexer.go:383.2,383.12 1 1
github.com/betracehq/betrace/backend/internal/rules/lexer.go:387.36,388.11 1 1
github.com/betracehq/betrace/backend/internal/rules/lexer.go:389.16,390.15 1 1
github.com/betracehq/betrace/backend/internal/rules/lexer.go:391.23,392.22 1 1
github.com/betracehq/betrace/backend/internal/rules/lexer.go:393.19,394.18 1 1
github.com/betracehq/betrace/backend/internal/rules/lexer.go:395.19,396.18 1 1
github.com/betracehq/betrace/backend/internal/rules/lexer.go:397.16,398.15 1 0
github.com/betracehq/betrace/backend/internal/rules/lexer.go:399.18,400.17 1 0
github.com/betracehq/betrace/backend/internal/rules/lexer.go:401.19,402.18 1 0
github.com/betracehq/betrace/backend/internal/rules/lexer.go:403.19,404.18 1 0
github.com/betracehq/betrace/backend/internal/rules/lexer.go:405.21,406.20 1 0
github.com/betracehq/betrace/backend/internal/rules/lexer.go:407.21,408.20 1 0
github.com/betracehq/betrace/backend/internal/rules/lexer.go:409.16,410.15 1 1
github.com/betracehq/betrace/backend/internal/rules/lexer.go:411.15,412.14 1 1
github.com/betracehq/betrace/backend/internal/rules/lexer.go:413.16,414.15 1 1
github.com/betracehq/betrace/backend/internal/rules/lexer.go:415.18,416.17 1 1
github.com/betracehq/betrace/backend/internal/rules/lexer.go:417.21,418.21 1 1
github.com/betracehq/betrace/backend/internal/rules/lexer.go:419.20,420.19 1 1
github.com/betracehq/betrace/backend/internal/rules/lexer.go:421.25,422.25 1 1
github.com/betracehq/betrace/backend/internal/rules/lexer.go:423.17,424.16 1 1
github.com/betracehq/betrace/backend/internal/rules/lexer.go:425.22,426.22 1 1
github.com/betracehq/betrace/backend/internal/rules/lexer.go:427.15,428.14 1 0
github.com/betracehq/betrace/backend/internal/rules/lexer.go:429.20,430.19 1 0
github.com/betracehq/betrace/backend/internal/rules/lexer.go:431.17,432.16 1 0
github.com/betracehq/betrace/backend/internal/rules/lexer.go:433.18,434.17 1 0
github.com/betracehq/betrace/backend/internal/rules/lexer.go:435.10,436.19 1 0
github.com/betracehq/betrace/backend/cmd/betrace-backend/main.go:27.13,35.16 5 0
github.com/betracehq/betrace/backend/cmd/betrace-backend/main.go:35.16,37.3 1 0
github.com/betracehq/betrace/backend/cmd/betrace-backend/main.go:37.8,38.16 1 0
github.com/betracehq/betrace/backend/cmd/betrace-backend/main.go:38.16,39.60 1 0
github.com/betracehq/betrace/backend/cmd/betrace-backend/main.go:39.60,41.5 1 0
github.com/betracehq/betrace/backend/cmd/betrace-backend/main.go:43.3,44.55 2 0
github.com/betracehq/betrace/backend/cmd/betrace-backend/main.go:48.2,98.12 25 0
github.com/betracehq/betrace/backend/cmd/betrace-backend/main.go:98.12,100.80 2 0
github.com/betracehq/betrace/backend/cmd/betrace-backend/main.go:100.80,102.4 1 0
github.com/betracehq/betrace/backend/cmd/betrace-backend/main.go:106.2,112.45 5 0
github.com/betracehq/betrace/backend/cmd/betrace-backend/main.go:112.45,114.3 1 0
github.com/betracehq/betrace/backend/cmd/betrace-backend/main.go:116.2,116.42 1 0
github.com/betracehq/betrace/backend/cmd/betrace-backend/main.go:120.59,124.2 3 1
github.com/betracehq/betrace/backend/cmd/betrace-backend/main.go:127.58,131.2 3 1
github.com/betracehq/betrace/backend/cmd/betrace-backend/main.go:134.47,135.71 1 1
github.com/betracehq/betrace/backend/cmd/betrace-backend/main.go:135.71,140.28 4 1
github.com/betracehq/betrace/backend/cmd/betrace-backend/main.go:140.28,143.4 2 1
github.com/betracehq/betrace/backend/cmd/betrace-backend/main.go:145.3,145.23 1 1
github.com/betracehq/betrace/backend/cmd/betrace-backend/main.go:150.50,151.71 1 1
github.com/betracehq/betrace/backend/cmd/betrace-backend/main.go:151.71,156.20 3 1
github.com/betracehq/betrace/backend/cmd/betrace-backend/main.go:156.20,167.4 4 0
github.com/betracehq/betrace/backend/cmd/betrace-backend/main.go:170.3,175.20 3 1
github.com/betracehq/betrace/backend/cmd/betrace-backend/main.go:175.20,181.4 2 0
github.com/betracehq/betrace/backend/cmd/betrace-backend/main.go:183.3,188.4 1 1
github.com/betracehq/betrace/backend/cmd/betrace-backend/main.go:198.49,201.2 2 1
github.com/betracehq/betrace/backend/cmd/betrace-backend/main.go:204.72,209.59 3 1
github.com/betracehq/betrace/backend/cmd/betrace-backend/main.go:209.59,211.3 1 0
github.com/betracehq/betrace/backend/cmd/betrace-backend/main.go:215.46,216.42 1 1
github.com/betracehq/betrace/backend/cmd/betrace-backend/main.go:216.42,218.3 1 1
github.com/betracehq/betrace/backend/cmd/betrace-backend/main.go:219.2,219.21 1 1
github.com/betracehq/betrace/backend/pkg/otel/tracer.go:14.81,22.16 3 1
github.com/betracehq/betrace/backend/pkg/otel/tracer.go:22.16,24.3 1 0
github.com/betracehq/betrace/backend/pkg/otel/tracer.go:27.2,32.16 2 1
github.com/betracehq/betrace/backend/pkg/otel/tracer.go:32.16,34.3 1 0
github.com/betracehq/betrace/backend/pkg/otel/tracer.go:37.2,45.16 3 1
